<?xml version="1.0" encoding="utf-8"?><testsuites name="pytest tests"><testsuite name="pytest" errors="0" failures="0" skipped="0" tests="10" time="6.188" timestamp="2026-06-22T13:36:32.073565+00:00" hostname="agent-env-e213e288-d6ed-4184-987f-ebc426baf588"><testcase classname="backend.tests.test_auth_review.TestLoginHappyPath" name="test_login_returns_full_token_bundle" time="2.088" /><testcase classname="backend.tests.test_auth_review.TestLoginHappyPath" name="test_login_invalid_password_returns_401" time="0.448" /><testcase classname="backend.tests.test_auth_review.TestMeEndpoint" name="test_me_with_valid_bearer" time="1.144" /><testcase classname="backend.tests.test_auth_review.TestMeEndpoint" name="test_me_no_token_401" time="0.108" /><testcase classname="backend.tests.test_auth_review.TestMeEndpoint" name="test_me_garbage_token_401" time="0.153" /><testcase classname="backend.tests.test_auth_review.TestSignup" name="test_signup_new_email_returns_verification_message" time="0.704" /><testcase classname="backend.tests.test_auth_review.TestSignup" name="test_signup_existing_email_returns_400" time="0.595" /><testcase classname="backend.tests.test_auth_review.TestSignup" name="test_signup_weak_password_rejected" time="0.050" /><testcase classname="backend.tests.test_auth_review.TestResendForgot" name="test_resend_existing_email_returns_200" time="0.445" /><testcase classname="backend.tests.test_auth_review.TestResendForgot" name="test_forgot_password_returns_generic_success" time="0.379" /></testsuite></testsuites>