<?xml version="1.0" encoding="utf-8"?><testsuites name="pytest tests"><testsuite name="pytest" errors="0" failures="1" skipped="0" tests="15" time="5.559" timestamp="2026-06-22T13:35:53.882197+00:00" hostname="agent-env-e213e288-d6ed-4184-987f-ebc426baf588"><testcase classname="backend.tests.test_cognito_auth.TestSignup" name="test_signup_valid_returns_200" time="1.548" /><testcase classname="backend.tests.test_cognito_auth.TestSignup" name="test_signup_duplicate_email_returns_400" time="0.587" /><testcase classname="backend.tests.test_cognito_auth.TestSignup" name="test_signup_weak_password_422_or_400" time="0.052" /><testcase classname="backend.tests.test_cognito_auth.TestVerify" name="test_verify_wrong_code_returns_400" time="0.398" /><testcase classname="backend.tests.test_cognito_auth.TestVerify" name="test_verify_non_6_digit_code_returns_422" time="0.050" /><testcase classname="backend.tests.test_cognito_auth.TestVerify" name="test_verify_non_numeric_6_chars_returns_422" time="0.055" /><testcase classname="backend.tests.test_cognito_auth.TestResend" name="test_resend_nonexistent_email_returns_404" time="0.376"><failure message="AssertionError: {&quot;message&quot;:&quot;A new verification code has been sent.&quot;}&#10;assert 200 == 404&#10; +  where 200 = &lt;Response [200]&gt;.status_code">backend/tests/test_cognito_auth.py:92: in test_resend_nonexistent_email_returns_404
    assert r.status_code == 404, r.text
E   AssertionError: {"message":"A new verification code has been sent."}
E   assert 200 == 404
E    +  where 200 = &lt;Response [200]&gt;.status_code</failure></testcase><testcase classname="backend.tests.test_cognito_auth.TestLogin" name="test_login_wrong_credentials_returns_401" time="0.490" /><testcase classname="backend.tests.test_cognito_auth.TestLogin" name="test_login_unverified_returns_403" time="0.448" /><testcase classname="backend.tests.test_cognito_auth.TestPasswordReset" name="test_forgot_password_nonexistent_returns_200" time="0.377" /><testcase classname="backend.tests.test_cognito_auth.TestPasswordReset" name="test_forgot_password_existing_returns_200" time="0.393" /><testcase classname="backend.tests.test_cognito_auth.TestPasswordReset" name="test_reset_password_wrong_code_does_not_crash" time="0.379" /><testcase classname="backend.tests.test_cognito_auth.TestMe" name="test_me_without_auth_returns_401" time="0.143" /><testcase classname="backend.tests.test_cognito_auth.TestMe" name="test_me_with_garbage_token_returns_401" time="0.104" /><testcase classname="backend.tests.test_cognito_auth.TestWidgetRegression" name="test_widget_session_still_works" time="0.057" /></testsuite></testsuites>